/Users/chiaraboehme/Library/Python/3.9/lib/python/site-packages/urllib3/__init__.py:35: NotOpenSSLWarning: urllib3 v2 only supports OpenSSL 1.1.1+, currently the 'ssl' module is compiled with 'LibreSSL 2.8.3'. See: https://github.com/urllib3/urllib3/issues/3020
  warnings.warn(
============================================================
STARTUPTICKER.CH SCRAPER V2
============================================================
Richte Chrome WebDriver ein...
✓ WebDriver bereit

🔍 PHASE 1: Sammle News-Übersicht...
Öffne https://www.startupticker.ch/en/news
🎯 Ziel: 1000 Artikel
📄 Scrape Seite 1 (bisher: 0/1000)...
📄 Scrape Seite 2 (bisher: 52/1000)...
📄 Scrape Seite 3 (bisher: 102/1000)...
❌ Fehler: Message: invalid session id: session deleted as the browser has closed the connection
from disconnected: not connected to DevTools
  (Session info: chrome=146.0.7680.165); For documentation on this error, please visit: https://www.selenium.dev/documentation/webdriver/troubleshooting/errors#invalidsessionidexception
Stacktrace:
0   chromedriver                        0x00000001051c399c cxxbridge1$str$ptr + 3160104
1   chromedriver                        0x00000001051bba28 cxxbridge1$str$ptr + 3127476
2   chromedriver                        0x0000000104c8f904 _RNvCskE0kXQ3GIWk_7___rustc35___rust_no_alloc_shim_is_unstable_v2 + 75036
3   chromedriver                        0x0000000104c787f8 chromedriver + 231416
4   chromedriver                        0x0000000104c9cae8 _RNvCskE0kXQ3GIWk_7___rustc35___rust_no_alloc_shim_is_unstable_v2 + 128768
5   chromedriver                        0x0000000104d00460 _RNvCskE0kXQ3GIWk_7___rustc35___rust_no_alloc_shim_is_unstable_v2 + 536696
6   chromedriver                        0x0000000104d16004 _RNvCskE0kXQ3GIWk_7___rustc35___rust_no_alloc_shim_is_unstable_v2 + 625692
7   chromedriver                        0x0000000104ccd1a0 _RNvCskE0kXQ3GIWk_7___rustc35___rust_no_alloc_shim_is_unstable_v2 + 327096
8   chromedriver                        0x0000000105182220 cxxbridge1$str$ptr + 2891948
9   chromedriver                        0x0000000105185910 cxxbridge1$str$ptr + 2906012
10  chromedriver                        0x00000001051675d8 cxxbridge1$str$ptr + 2782308
11  chromedriver                        0x0000000105186194 cxxbridge1$str$ptr + 2908192
12  chromedriver                        0x0000000105158090 cxxbridge1$str$ptr + 2719516
13  chromedriver                        0x00000001051aab30 cxxbridge1$str$ptr + 3058108
14  chromedriver                        0x00000001051aacac cxxbridge1$str$ptr + 3058488
15  chromedriver                        0x00000001051bb680 cxxbridge1$str$ptr + 3126540
16  libsystem_pthread.dylib             0x0000000193cf6c0c _pthread_start + 136
17  libsystem_pthread.dylib             0x0000000193cf1b80 thread_start + 8

✓ 102 News-Items gesammelt (Limit: 1000)

📄 PHASE 2: Scrape 102 Detail-Seiten...
  Fortschritt: 1/102...
  Fortschritt: 50/102...
  Fortschritt: 100/102...
✓ Detail-Scraping abgeschlossen

🔄 PHASE 3: Mappe zu Schema...
✓ Gespeichert: ./data/startupticker_startups.csv

============================================================
ZUSAMMENFASSUNG
============================================================
Anzahl Startups: 101

Vollständigkeit:
  Startup_Name: 100.0%
  Industry: 100.0%
  Year: 99.0%
  Funding_Amount: 24.8%
  Investor_Names: 0.0%
  Investment_Stage: 100.0%

Top 10 Startups:
  Startup_Name    Year Funding_Amount Investment_Stage Investor_Names
0        Delta  2026.0       4.4M EUR         Series A           None
1          UBS  2026.0           None      Early Stage           None
2         BIND  2026.0           None      Early Stage           None
3       Cohaga  2026.0    undisclosed      Early Stage           None
4       Covalo  2026.0           None      Early Stage           None
5  Introducing     NaN           None      Early Stage           None
6   Milestones  2026.0           None      Early Stage           None
7      Younger  2026.0           None      Early Stage           None
8        Lobby  2026.0       2.2M USD             Seed           None
9      GENILEM  2026.0           None      Early Stage           None

Jahresverteilung:
  2026: 100 Startups

Industry-Verteilung:
  AI/ML: 31 Startups
  HEALTHCARE: 28 Startups
  Unknown: 19 Startups
  FINTECH: 10 Startups
  MOBILITY: 5 Startups
  SOFTWARE: 3 Startups
  INDUSTRIALS: 2 Startups
  EDUCATION: 1 Startups
  CLEANTECH: 1 Startups
  AEROSPACE: 1 Startups

Investment Stage-Verteilung:
  Early Stage: 77 Startups
  Series C+: 9 Startups
  Series A: 6 Startups
  Seed: 6 Startups
  Series B: 3 Startups

✓ ERFOLGREICH ABGESCHLOSSEN
WebDriver geschlossen
