/Users/chiaraboehme/Library/Python/3.9/lib/python/site-packages/urllib3/__init__.py:35: NotOpenSSLWarning: urllib3 v2 only supports OpenSSL 1.1.1+, currently the 'ssl' module is compiled with 'LibreSSL 2.8.3'. See: https://github.com/urllib3/urllib3/issues/3020
  warnings.warn(
============================================================
STARTUPTICKER.CH SCRAPER V2
============================================================
Richte Chrome WebDriver ein...
✓ WebDriver bereit

🔍 PHASE 1: Sammle News-Übersicht...
Öffne https://www.startupticker.ch/en/news
🎯 Ziel: 4500 Artikel
📄 Scrape Seite 1 (bisher: 0/4500)...
📄 Scrape Seite 2 (bisher: 52/4500)...
📄 Scrape Seite 3 (bisher: 102/4500)...
📄 Scrape Seite 4 (bisher: 152/4500)...
📄 Scrape Seite 5 (bisher: 202/4500)...
📄 Scrape Seite 6 (bisher: 252/4500)...
📄 Scrape Seite 7 (bisher: 302/4500)...
📄 Scrape Seite 8 (bisher: 352/4500)...
📄 Scrape Seite 9 (bisher: 402/4500)...
📄 Scrape Seite 10 (bisher: 452/4500)...
📄 Scrape Seite 11 (bisher: 502/4500)...
📄 Scrape Seite 12 (bisher: 552/4500)...
📄 Scrape Seite 13 (bisher: 602/4500)...
📄 Scrape Seite 14 (bisher: 652/4500)...
📄 Scrape Seite 15 (bisher: 702/4500)...
📄 Scrape Seite 16 (bisher: 752/4500)...
📄 Scrape Seite 17 (bisher: 802/4500)...
📄 Scrape Seite 18 (bisher: 852/4500)...
📄 Scrape Seite 19 (bisher: 902/4500)...
📄 Scrape Seite 20 (bisher: 952/4500)...
📄 Scrape Seite 21 (bisher: 1002/4500)...
📄 Scrape Seite 22 (bisher: 1052/4500)...
📄 Scrape Seite 23 (bisher: 1102/4500)...
📄 Scrape Seite 24 (bisher: 1152/4500)...
📄 Scrape Seite 25 (bisher: 1202/4500)...
📄 Scrape Seite 26 (bisher: 1252/4500)...
📄 Scrape Seite 27 (bisher: 1302/4500)...
📄 Scrape Seite 28 (bisher: 1352/4500)...
📄 Scrape Seite 29 (bisher: 1402/4500)...
📄 Scrape Seite 30 (bisher: 1452/4500)...
📄 Scrape Seite 31 (bisher: 1502/4500)...
📄 Scrape Seite 32 (bisher: 1552/4500)...
📄 Scrape Seite 33 (bisher: 1602/4500)...
📄 Scrape Seite 34 (bisher: 1652/4500)...
📄 Scrape Seite 35 (bisher: 1702/4500)...
📄 Scrape Seite 36 (bisher: 1752/4500)...
📄 Scrape Seite 37 (bisher: 1802/4500)...
📄 Scrape Seite 38 (bisher: 1852/4500)...
📄 Scrape Seite 39 (bisher: 1902/4500)...
📄 Scrape Seite 40 (bisher: 1952/4500)...
📄 Scrape Seite 41 (bisher: 2002/4500)...
📄 Scrape Seite 42 (bisher: 2052/4500)...
📄 Scrape Seite 43 (bisher: 2102/4500)...
📄 Scrape Seite 44 (bisher: 2152/4500)...
📄 Scrape Seite 45 (bisher: 2202/4500)...
📄 Scrape Seite 46 (bisher: 2252/4500)...
📄 Scrape Seite 47 (bisher: 2302/4500)...
📄 Scrape Seite 48 (bisher: 2352/4500)...
📄 Scrape Seite 49 (bisher: 2402/4500)...
📄 Scrape Seite 50 (bisher: 2452/4500)...
📄 Scrape Seite 51 (bisher: 2502/4500)...
📄 Scrape Seite 52 (bisher: 2552/4500)...
📄 Scrape Seite 53 (bisher: 2602/4500)...
📄 Scrape Seite 54 (bisher: 2652/4500)...
📄 Scrape Seite 55 (bisher: 2702/4500)...
📄 Scrape Seite 56 (bisher: 2752/4500)...
📄 Scrape Seite 57 (bisher: 2802/4500)...
📄 Scrape Seite 58 (bisher: 2852/4500)...
📄 Scrape Seite 59 (bisher: 2902/4500)...
📄 Scrape Seite 60 (bisher: 2952/4500)...
📄 Scrape Seite 61 (bisher: 3002/4500)...
📄 Scrape Seite 62 (bisher: 3052/4500)...
📄 Scrape Seite 63 (bisher: 3102/4500)...
📄 Scrape Seite 64 (bisher: 3152/4500)...
📄 Scrape Seite 65 (bisher: 3202/4500)...
📄 Scrape Seite 66 (bisher: 3252/4500)...
📄 Scrape Seite 67 (bisher: 3302/4500)...
📄 Scrape Seite 68 (bisher: 3352/4500)...
📄 Scrape Seite 69 (bisher: 3402/4500)...
📄 Scrape Seite 70 (bisher: 3452/4500)...
📄 Scrape Seite 71 (bisher: 3502/4500)...
📄 Scrape Seite 72 (bisher: 3552/4500)...
📄 Scrape Seite 73 (bisher: 3602/4500)...
📄 Scrape Seite 74 (bisher: 3652/4500)...
📄 Scrape Seite 75 (bisher: 3702/4500)...
📄 Scrape Seite 76 (bisher: 3752/4500)...
📄 Scrape Seite 77 (bisher: 3802/4500)...
📄 Scrape Seite 78 (bisher: 3852/4500)...
📄 Scrape Seite 79 (bisher: 3902/4500)...
📄 Scrape Seite 80 (bisher: 3952/4500)...
📄 Scrape Seite 81 (bisher: 4002/4500)...
📄 Scrape Seite 82 (bisher: 4052/4500)...
📄 Scrape Seite 83 (bisher: 4102/4500)...
📄 Scrape Seite 84 (bisher: 4152/4500)...
📄 Scrape Seite 85 (bisher: 4202/4500)...
📄 Scrape Seite 86 (bisher: 4252/4500)...
📄 Scrape Seite 87 (bisher: 4302/4500)...
📄 Scrape Seite 88 (bisher: 4352/4500)...
📄 Scrape Seite 89 (bisher: 4402/4500)...
📄 Scrape Seite 90 (bisher: 4452/4500)...
✅ Limit von 4500 Artikeln erreicht!
✓ 4500 News-Items gesammelt (Limit: 4500)

📄 PHASE 2: Scrape 4500 Detail-Seiten...
  Fortschritt: 1/4500...
  Fortschritt: 100/4500...
  Fortschritt: 200/4500...
  Fortschritt: 300/4500...
  Fortschritt: 400/4500...
  Fortschritt: 500/4500...
  Fortschritt: 600/4500...
  Fortschritt: 700/4500...
  Fortschritt: 800/4500...
  Fortschritt: 900/4500...
  Fortschritt: 1000/4500...
  Fortschritt: 1100/4500...
  Fortschritt: 1200/4500...
  Fortschritt: 1300/4500...
  Fortschritt: 1400/4500...
  Fortschritt: 1500/4500...
  Fortschritt: 1600/4500...
  Fortschritt: 1700/4500...
  Fortschritt: 1800/4500...
  Fortschritt: 1900/4500...
  Fortschritt: 2000/4500...
  Fortschritt: 2100/4500...
  Fortschritt: 2200/4500...
  Fortschritt: 2300/4500...
  Fortschritt: 2400/4500...
  Fortschritt: 2500/4500...
  Fortschritt: 2600/4500...
  Fortschritt: 2700/4500...
  Fortschritt: 2800/4500...
  Fortschritt: 2900/4500...
  Fortschritt: 3000/4500...
  Fortschritt: 3100/4500...
  Fortschritt: 3200/4500...
  Fortschritt: 3300/4500...
  Fortschritt: 3400/4500...
  Fortschritt: 3500/4500...
  Fortschritt: 3600/4500...
  Fortschritt: 3700/4500...
  Fortschritt: 3800/4500...
  Fortschritt: 3900/4500...
  Fortschritt: 4000/4500...
  Fortschritt: 4100/4500...
  Fortschritt: 4200/4500...
  Fortschritt: 4300/4500...
  Fortschritt: 4400/4500...
  Fortschritt: 4500/4500...
✓ Detail-Scraping abgeschlossen

🔄 PHASE 3: Mappe zu Schema...
✓ Gespeichert: ./data/startupticker_startups.csv

============================================================
ZUSAMMENFASSUNG
============================================================
Anzahl Startups: 4499

Vollständigkeit:
  Startup_Name: 100.0%
  Industry: 100.0%
  Year: 100.0%
  Funding_Amount: 21.8%
  Investor_Names: 4.4%
  Investment_Stage: 100.0%

Top 10 Startups:
  Startup_Name    Year Funding_Amount Investment_Stage                                                                              Investor_Names
0        Delta  2026.0       4.4M EUR         Series A  Cusp Capital, AI personas trained on generic internet data, the Auxxo Female Catalyst Fund
1          UBS  2026.0           None      Early Stage                                                                                         UBS
2         BIND  2026.0           None      Early Stage                                                                                        EPFL
3       Cohaga  2026.0    undisclosed      Early Stage                                                            KI nicht nur erkannt, Investiere
4       Covalo  2026.0           None      Early Stage                                          Hi inov und mit Beteiligung bestehender Investoren
5  Introducing     NaN           None      Early Stage                                                                                Swisspreneur
6   Milestones  2026.0           None      Early Stage                                                                                        None
7      Younger  2026.0           None      Early Stage                                                                                        None
8        Lobby  2026.0       2.2M USD             Seed                                                                                  Founderful
9      GENILEM  2026.0           None      Early Stage                                                                                        None

Jahresverteilung:
  2026: 304 Startups
  2025: 1145 Startups
  2024: 1201 Startups
  2023: 1225 Startups
  2022: 623 Startups

Industry-Verteilung:
  AI/ML: 1400 Startups
  HEALTHCARE: 955 Startups
  Unknown: 842 Startups
  FINTECH: 417 Startups
  MOBILITY: 358 Startups
  SOFTWARE: 256 Startups
  CLEANTECH: 148 Startups
  INDUSTRIALS: 35 Startups
  AEROSPACE: 33 Startups
  AGTECH: 33 Startups
  EDUCATION: 14 Startups
  CONSUMER: 8 Startups

Investment Stage-Verteilung:
  Early Stage: 3525 Startups
  Series C+: 327 Startups
  Series A: 233 Startups
  Seed: 226 Startups
  Series B: 183 Startups
  Pre-Seed: 5 Startups

✓ ERFOLGREICH ABGESCHLOSSEN
WebDriver geschlossen
